{
  "stats": {
    "suites": 1,
    "tests": 4,
    "passes": 4,
    "pending": 0,
    "failures": 0,
    "start": "2023-11-06T20:07:52.096Z",
    "end": "2023-11-06T20:08:05.529Z",
    "duration": 13433,
    "testsRegistered": 4,
    "passPercent": 100,
    "pendingPercent": 0,
    "other": 0,
    "hasOther": false,
    "skipped": 0,
    "hasSkipped": false
  },
  "results": [
    {
      "uuid": "ffbe44e4-d3bb-442c-a007-0c0e194777e7",
      "title": "",
      "fullFile": "cypress\\e2e\\tests\\LoginTests.cy.js",
      "file": "cypress\\e2e\\tests\\LoginTests.cy.js",
      "beforeHooks": [],
      "afterHooks": [],
      "tests": [],
      "suites": [
        {
          "uuid": "e75e7c26-ccc1-4b23-8812-c505249005ba",
          "title": "Login Test Suite",
          "fullFile": "",
          "file": "",
          "beforeHooks": [],
          "afterHooks": [],
          "tests": [
            {
              "title": "Login with valid data",
              "fullTitle": "Login Test Suite Login with valid data",
              "timedOut": null,
              "duration": 5374,
              "state": "passed",
              "speed": "medium",
              "pass": true,
              "fail": false,
              "pending": false,
              "context": null,
              "code": "_LoginPage.default.enterDataEmail();\n_LoginPage.default.enterDataPassword();\n_LoginPage.default.clickSignInbutton();\n_HomePage.default.getNewArticleButton().should('be.visible');\n_HomePage.default.getSettingsButton().should('be.visible');\n_HomePage.default.getProfileButton().should('be.visible');",
              "err": {},
              "uuid": "e1d0213c-72e1-4859-9f12-8c2d6450b5b2",
              "parentUUID": "e75e7c26-ccc1-4b23-8812-c505249005ba",
              "isHook": false,
              "skipped": false
            },
            {
              "title": "Login with the empty \"Password\" field",
              "fullTitle": "Login Test Suite Login with the empty \"Password\" field",
              "timedOut": null,
              "duration": 1514,
              "state": "passed",
              "speed": "fast",
              "pass": true,
              "fail": false,
              "pending": false,
              "context": null,
              "code": "_LoginPage.default.enterDataEmail();\n_LoginPage.default.clickSignInbutton();\n_LoginPage.default.getErrorMessage().should('be.visible').should('contain.text', \"password can't be blank\");",
              "err": {},
              "uuid": "695eb80e-7567-4ac9-86fc-89e46dbe1d77",
              "parentUUID": "e75e7c26-ccc1-4b23-8812-c505249005ba",
              "isHook": false,
              "skipped": false
            },
            {
              "title": "Login with the empty \"Email\" field",
              "fullTitle": "Login Test Suite Login with the empty \"Email\" field",
              "timedOut": null,
              "duration": 1254,
              "state": "passed",
              "speed": "fast",
              "pass": true,
              "fail": false,
              "pending": false,
              "context": null,
              "code": "_LoginPage.default.enterDataPassword();\n_LoginPage.default.clickSignInbutton();\n_LoginPage.default.getErrorMessage().should('be.visible').should('contain.text', \"email can't be blank\");",
              "err": {},
              "uuid": "b9df9e36-44cf-4bc8-b882-86a245a47fcf",
              "parentUUID": "e75e7c26-ccc1-4b23-8812-c505249005ba",
              "isHook": false,
              "skipped": false
            },
            {
              "title": "Login with invalid data",
              "fullTitle": "Login Test Suite Login with invalid data",
              "timedOut": null,
              "duration": 2431,
              "state": "passed",
              "speed": "fast",
              "pass": true,
              "fail": false,
              "pending": false,
              "context": null,
              "code": "_LoginPage.default.enterInvalidEmail();\n_LoginPage.default.enterInvalidPassword();\n_LoginPage.default.clickSignInbutton();\n_LoginPage.default.getErrorMessage().should('be.visible').should('contain.text', \"email or password is invalid\");",
              "err": {},
              "uuid": "362ad0c1-64b1-4fcb-a27d-2b6459d5bd3e",
              "parentUUID": "e75e7c26-ccc1-4b23-8812-c505249005ba",
              "isHook": false,
              "skipped": false
            }
          ],
          "suites": [],
          "passes": [
            "e1d0213c-72e1-4859-9f12-8c2d6450b5b2",
            "695eb80e-7567-4ac9-86fc-89e46dbe1d77",
            "b9df9e36-44cf-4bc8-b882-86a245a47fcf",
            "362ad0c1-64b1-4fcb-a27d-2b6459d5bd3e"
          ],
          "failures": [],
          "pending": [],
          "skipped": [],
          "duration": 10573,
          "root": false,
          "rootEmpty": false,
          "_timeout": 2000
        }
      ],
      "passes": [],
      "failures": [],
      "pending": [],
      "skipped": [],
      "duration": 0,
      "root": true,
      "rootEmpty": true,
      "_timeout": 2000
    }
  ],
  "meta": {
    "mocha": {
      "version": "7.0.1"
    },
    "mochawesome": {
      "options": {
        "quiet": false,
        "reportFilename": "mochawesome",
        "saveHtml": false,
        "saveJson": true,
        "consoleReporter": "spec",
        "useInlineDiffs": false,
        "code": true
      },
      "version": "7.1.3"
    },
    "marge": {
      "options": {
        "overwrite": false,
        "html": false,
        "json": true,
        "reportDir": "cypress\\reports\\html\\.jsons"
      },
      "version": "6.2.0"
    }
  }
}