{
  "stats": {
    "suites": 0,
    "tests": 1,
    "passes": 1,
    "pending": 0,
    "failures": 0,
    "start": "2023-11-06T20:03:53.714Z",
    "end": "2023-11-06T20:04:05.113Z",
    "duration": 11399,
    "testsRegistered": 1,
    "passPercent": 100,
    "pendingPercent": 0,
    "other": 0,
    "hasOther": false,
    "skipped": 0,
    "hasSkipped": false
  },
  "results": [
    {
      "uuid": "86d1209d-b41c-49bf-86f3-b3d9f974611f",
      "title": "",
      "fullFile": "cypress\\e2e\\tests\\NewArticleCreationTest.cy.js",
      "file": "cypress\\e2e\\tests\\NewArticleCreationTest.cy.js",
      "beforeHooks": [],
      "afterHooks": [],
      "tests": [
        {
          "title": "New Article creation test",
          "fullTitle": "New Article creation test",
          "timedOut": null,
          "duration": 7713,
          "state": "passed",
          "speed": "medium",
          "pass": true,
          "fail": false,
          "pending": false,
          "context": null,
          "code": "_HomePage.default.visit();\n_HomePage.default.clickSignInButton();\n_LoginPage.default.enterDataEmail();\n_LoginPage.default.enterDataPassword();\n_LoginPage.default.clickSignInbutton();\n_HomePage.default.clickNewArticleButton();\n_NewArticlePage.default.enterArticleTitle();\n_NewArticlePage.default.enterDescription();\n_NewArticlePage.default.enterArticleBody();\n_NewArticlePage.default.clickPublishButton();\n_NewArticlePage.default.getEditButton().should('be.visible');\n_NewArticlePage.default.getDeleteButton().should('be.visible');\n_NewArticlePage.default.getUrl().should('include', '/article');",
          "err": {},
          "uuid": "49f5a92b-ff05-491c-aa3d-ebc2ec2dcf7d",
          "parentUUID": "86d1209d-b41c-49bf-86f3-b3d9f974611f",
          "isHook": false,
          "skipped": false
        }
      ],
      "suites": [],
      "passes": [
        "49f5a92b-ff05-491c-aa3d-ebc2ec2dcf7d"
      ],
      "failures": [],
      "pending": [],
      "skipped": [],
      "duration": 7713,
      "root": true,
      "rootEmpty": false,
      "_timeout": 2000
    }
  ],
  "meta": {
    "mocha": {
      "version": "7.0.1"
    },
    "mochawesome": {
      "options": {
        "quiet": false,
        "reportFilename": "mochawesome",
        "saveHtml": true,
        "saveJson": true,
        "consoleReporter": "spec",
        "useInlineDiffs": false,
        "code": true
      },
      "version": "7.1.3"
    },
    "marge": {
      "options": null,
      "version": "6.2.0"
    }
  }
}