{
  "stats": {
    "suites": 0,
    "tests": 1,
    "passes": 1,
    "pending": 0,
    "failures": 0,
    "start": "2023-11-09T10:09:40.180Z",
    "end": "2023-11-09T10:09:48.251Z",
    "duration": 8071,
    "testsRegistered": 1,
    "passPercent": 100,
    "pendingPercent": 0,
    "other": 0,
    "hasOther": false,
    "skipped": 0,
    "hasSkipped": false
  },
  "results": [
    {
      "uuid": "2f1d6a1c-141d-4c1e-9d91-16a1fca83aa5",
      "title": "",
      "fullFile": "cypress\\e2e\\tests\\VerifyingElementsTest.cy.js",
      "file": "cypress\\e2e\\tests\\VerifyingElementsTest.cy.js",
      "beforeHooks": [],
      "afterHooks": [],
      "tests": [
        {
          "title": "Verifying elements test",
          "fullTitle": "Verifying elements test",
          "timedOut": null,
          "duration": 3916,
          "state": "passed",
          "speed": "fast",
          "pass": true,
          "fail": false,
          "pending": false,
          "context": null,
          "code": "_HomePage.default.visit();\n_HomePage.default.getLogo().should('be.visible');\n_HomePage.default.getHomeButton().should('be.visible');\n_HomePage.default.getSignInButton().should('be.visible');\n_HomePage.default.getSignUpButton().should('be.visible');\n_HomePage.default.getGlobalFeedSection().should('be.visible');",
          "err": {},
          "uuid": "b7fa0622-b1c3-40dc-b7bb-a9592bdb4f6c",
          "parentUUID": "2f1d6a1c-141d-4c1e-9d91-16a1fca83aa5",
          "isHook": false,
          "skipped": false
        }
      ],
      "suites": [],
      "passes": [
        "b7fa0622-b1c3-40dc-b7bb-a9592bdb4f6c"
      ],
      "failures": [],
      "pending": [],
      "skipped": [],
      "duration": 3916,
      "root": true,
      "rootEmpty": false,
      "_timeout": 2000
    }
  ],
  "meta": {
    "mocha": {
      "version": "7.0.1"
    },
    "mochawesome": {
      "options": {
        "quiet": false,
        "reportFilename": "mochawesome",
        "saveHtml": true,
        "saveJson": true,
        "consoleReporter": "spec",
        "useInlineDiffs": false,
        "code": true
      },
      "version": "7.1.3"
    },
    "marge": {
      "options": {
        "charts": true,
        "reportPageTitle": "Cypress Inline Reporter",
        "embeddedScreenshots": true,
        "inlineAssets": true
      },
      "version": "6.2.0"
    }
  }
}